Started by user [8mha:////4GKXEwRWm/VQPUkl3/OT8HYrzopweFL1pum5i9dS2cawAAAAmB+LCAAAAAAAAP9b85aBtbiIQTGjNKU4P08vOT+vOD8nVc83PyU1x6OyILUoJzMv2y+/JJUBAhiZGBgqihhk0NSjKDWzXb3RdlLBUSYGJk8GtpzUvPSSDB8G5tKinBIGIZ+sxLJE/ZzEvHT94JKizLx0a6BxUmjGOUNodHsLgAzhEgYe/dLi1CL91LTkRANTALs/+xrBAAAA[0mFichter-Ext, Fabian
Running in Durability level: PERFORMANCE_OPTIMIZED
Loading library workflowLibs@testing
Attempting to resolve testing from remote references...
Found match: refs/heads/testing revision 1d9ef6a992fde500144dd321436acb1deaff3d77
using credential jenkinsUser_ssh_github.conti.de
Fetching changes from the remote Git repository
Fetching without tags
Checking out Revision 1d9ef6a992fde500144dd321436acb1deaff3d77 (testing)
Commit message: "Merge pull request #335 from guentherk/testing"
[8mha:////4B+xTFtfrksuet+JyU1KzP4qlSVx6AiNnmkZKtW6/DfkAAAAoh+LCAAAAAAAAP9tjTEOwjAQBM8BClpKHuFItIiK1krDC0x8GCfWnbEdkooX8TX+gCESFVvtrLSa5wtWKcKBo5UdUu8otU4GP9jS5Mixv3geZcdn2TIl9igbHBs2eJyx4YwwR1SwULBGaj0nRzbDRnX6rmuvydanHMu2V1A5c4MHCFXMWcf8hSnC9jqYxPTz/BXAFEIGsfuclm8zQVqFvQAAAA==[0m[Pipeline] Start of Pipeline
[8mha:////4AQFE6ujAV3Obc+0kUA5Z0V9kVbk6A1r3+/PuWTUXfhwAAAAoh+LCAAAAAAAAP9tjTEOAiEURD9rLGwtPQSbaGmsbAmNJ0AWEZb8zwLrbuWJvJp3kLiJlZNMMm+a93rDOic4UbLcG+wdZu14DKOti0+U+lugiXu6ck2YKRguzSSpM+cFJRUDS1gDKwEbgzpQdmgLbIVXD9UGhba9lFS/o4DGdQM8gYlqLiqVL8wJdvexy4Q/z18BzLEA29ce4gfya1RxvAAAAA==[0m[Pipeline] sleep
Sleeping for 5 sec
[8mha:////4Aw1uozFQXyQ+taqNGD6QOde9mmHVKo0sr00c3zXFwKtAAAAoh+LCAAAAAAAAP9tjTEOAiEURD9rLGwtPQSbGDtjZUtoPAGyiLDkfxZYdytP5NW8g8RNrJxkknnTvNcb1jnBiZLl3mDvMGvHYxhtXXyi1N8CTdzTlWvCTMFwaSZJnTkvKKkYWMIaWAnYGNSBskNbYCu8eqg2KLTtpaT6HQU0rhvgCUxUc1GpfGFOsLuPXSb8ef4KYI4F2L72ED81/RU+vAAAAA==[0m[Pipeline] echo
2020-05-20T19:53:38.328+02:00|log|start||some-logs
[8mha:////4GCkuqQRrviWy9HT5FEo0XofzFOT4HeZYcVRRWFarDwlAAAAox+LCAAAAAAAAP9tjTEOAiEURD9rLGwtPQSbmFgZK1tC4wmQRYQl/7PAult5Iq/mHSRuYuUkk8yb5r3esM4JTpQs9wZ7h1k7HsNo6+ITpf4WaOKerlwTZgqGSzNJ6sx5QUnFwBLWwErAxqAOlB3aAlvh1UO1QaFtLyXV7yigcd0AT2CimotK5Qtzgt197DLhz/NXAHMswPa1h/gBdMwOJ7wAAAA=[0m[Pipeline] sleep
Sleeping for 10 sec
[8mha:////4Dzh9FFjkstOnbTTALh71JcAhPSjd7Xfz6w8Dst+u5liAAAAph+LCAAAAAAAAP9tjTEOwjAUQ3+KOrAycohUYmBBTKxRFk4QkhDSRv+3SUo7cSKuxh0IVGLCkiXbkvWeL6hThCNFx1uLncekPe/D6EriE8XuGmjiLV24JkwULJd2kmTsaamSsoVFrIKVgLVFHSh5dBk2olV31QSFrjnnWLaDgMqbAR7ARCFnFfO3zBG2t9Ekwh/nLwDmPgPbFe8/v/oN3fXU88AAAAA=[0m[Pipeline] node
Still waiting to schedule task
Waiting for next available executor on ‘SwFactoryCloud’
Running on [8mha:////4CDhCKl+M63zCWqtbS4uXvdGNLyisM1vpBTM3NNeX1A0AAAAoR+LCAAAAAAAAP9b85aBtbiIQTGjNKU4P08vOT+vOD8nVc83PyU1x6OyILUoJzMv2y+/JJUBAhiZGBgqihhk0NSjKDWzXb3RdlLBUSYGJk8GtpzUvPSSDB8G5tKinBIGIZ+sxLJE/ZzEvHT94JKizLx0a6BxUmjGOUNodHsLgAyuEgZR/eT83ILSktQifbcgA2MDM5MwX0d9AMUCkcHKAAAA[0mFR03064VMA in D:\ci\Jenkins\workspace\Playground\log-shipper\Fabian\meta-inf-analyzer
[8mha:////4EAqAqFpzkOpAoXkfMAHuyiAvhm1tQux8tW9UUjDxuLyAAAApR+LCAAAAAAAAP9tjTEOwjAUQ3+KOrAycoh0gwExsUZZOEFIQkgb/d8mKe3EibgadyBQiQlLlmxL1nu+oE4RjhQdby12HpP2vA+jK4lPFLtroIm3dOGaMFGwXNpJkrGnpUrKFhaxClYC1hZ1oOTRZdiIVt1VExS65pxj2Q4CKm8GeAAThZxVzN8yR9jeRpMIf5y/AJj7DGxXvP/86jcChmMxwAAAAA==[0m[Pipeline] {
[8mha:////4NwUTNbiQitGz34l4p0Fm8btANcyWsOTm36Dm9oG3hO4AAAAoh+LCAAAAAAAAP9tjTEOAiEURD9rLGwtPQRbamKsbAmNJ0AWEZb8zwLrbuWJvJp3kLiJlZNMMm+a93rDOic4UbLcG+wdZu14DKOti0+U+lugiXu6ck2YKRguzSSpM+cFJRUDS1gDKwEbgzpQdmgLbIVXD9UGhba9lFS/o4DGdQM8gYlqLiqVL8wJdvexy4Q/z18BzLEA29ce4geKI23CvAAAAA==[0m[Pipeline] echo
java.lang.NullPointerException
[8mha:////4In+w1bQ+MWV5e1LviaylIE/aJUoiRBLt17oeL5XpdXjAAAAoh+LCAAAAAAAAP9tjTEOAiEURD9rLGwtPQRbGmOsbAmNJ0AWEZb8zwLrbuWJvJp3kLiJlZNMMm+a93rDOic4UbLcG+wdZu14DKOti0+U+lugiXu6ck2YKRguzSSpM+cFJRUDS1gDKwEbgzpQdmgLbIVXD9UGhba9lFS/o4DGdQM8gYlqLiqVL8wJdvexy4Q/z18BzLEA29ce4gfLEnbbvAAAAA==[0m[Pipeline] sleep
Sleeping for 1 sec
[8mha:////4LURVRCly+c+trjT2qwASkbgoPd0EM12TY37NUBySKhAAAAAox+LCAAAAAAAAP9tjTESgjAQRT84FraWHiJoZeFY2WZoPEGEGAOZXUwWofJEXs07yMiMlb/67zXv9cYyRRw5OtVYaj2lyqsu9G56auDYXgMPquGLqpgSB6tKO5Rc29OMJYvFvCzHQmNlqQqcPDnBWjfmYYpgyBVniZM7aOS+vuOJTE9lMVG+MEZsbn2dmH6dvwGMnSDbC/LdtvsAyEK1Yr0AAAA=[0m[Pipeline] echo
02:31:38.912: Licensing error (product licensing failure).
[8mha:////4LzeZDIlq9DSO7qmwnbkHEuIQ+QO37yUM0/y+y8og7ifAAAAox+LCAAAAAAAAP9tjTESgjAQRT84FraWHiIMlYVjZZuh8QQRYgxkdjFZhMoTeTXvICMzVv7qv9e81xvrFHHk6FRrqfOUaq/6MLj5qZFjdw08qpYvqmZKHKyq7FhxY08LViwWy7IcK42NpTpw8uQEW92ahymCIVecJc7uoJH75o4nMj2XxUT5whSxuw1NYvp1/gYw9YJsL8jLsv8AiXOue70AAAA=[0m[Pipeline] sleep
Sleeping for 1 sec
[8mha:////4DrE6ej1paFd8Ifh45wmULiemvhsXSO5TktC04HL3SDNAAAAox+LCAAAAAAAAP9tjTEOwjAQBDdBFLSUPMIRNBSIitZKwwtMYowT6y7YF5KKF/E1/kBEJCq22plmXm8sU8SRo1ONpdZTqrzqQu+mpwaO7TXwoBq+qIopcbCqtEPJtT3NWLJYzMtyLDRWlqrAyZMTrHVjHqYIhlxxlji5g0bu6zueyPRUFhPlC2PE5tbXienX+RvA2AmyvSDf7roPSiCDUL0AAAA=[0m[Pipeline] echo
Cloning repository git@github.conti.de:automotiveSoftwareFactory/SwFactoryConfig.git
[8mha:////4JxR9nS2rfxxzc5uiyn0C91TnzRyUjCSoZSjVi5fxQ/LAAAApB+LCAAAAAAAAP9tjTEOwjAQBDdBFLSUPMIRoqBAVLRWGl5gEmOcWHfBvpBUvIiv8QciIlGx1c4083pjmSKOHJ1qLLWeUuVVF3o3PTVwbK+BB9XwRVVMiYNVpR1Kru1pxpLFYl6WY6GxslQFTp6cYK0b8zBFMOSKs8TJHTRyX9/xRKanspgoXxgjNre+Tky/zt8Axk6Q7QX5dtd9AAsRmEm9AAAA[0m[Pipeline] sleep
Sleeping for 1 sec
[8mha:////4JHrvPkfFflLXVgEELGU3QzoheGi5QL9oJO5hdv/wDIUAAAApB+LCAAAAAAAAP9tjTEOwjAQBDdBFLSUPMIREhIFoqK10vACkxjjxLoL9oWk4kV8jT8QEYmKrXammdcbyxRx5OhUY6n1lCqvutC76amBY3sNPKiGL6piShysKu1Qcm1PM5YsFvOyHAuNlaUqcPLkBGvdmIcpgiFXnCVO7qCR+/qOJzI9lcVE+cIYsbn1dWL6df4GMHaCbC/It7vuA8yH2Qa9AAAA[0m[Pipeline] echo
[Reproducible Build (Git)] Created tag VC1DG003896
[8mha:////4LxIixg0O6EbeTwpyito0yZrN2gSLuIPkyeoxR/DZOmHAAAApB+LCAAAAAAAAP9tjTEOwjAQBDdBFLSUPMIRBaJAVLRWGl5gEmOcWHfBvpBUvIiv8QciIlGx1c4083pjmSKOHJ1qLLWeUuVVF3o3PTVwbK+BB9XwRVVMiYNVpR1Kru1pxpLFYl6WY6GxslQFTp6cYK0b8zBFMOSKs8TJHTRyX9/xRKanspgoXxgjNre+Tky/zt8Axk6Q7QX5dtd9AI22wh+9AAAA[0m[Pipeline] sleep
Sleeping for 1 sec
[8mha:////4LS3TafKnWxtEupDgyjOrvxuP4iMDt6+/uN1qnuIh/iPAAAAox+LCAAAAAAAAP9tjTEOwjAQBDdBFLSUPMIRDRSIitZKwwtMYowT6y7YF5KKF/E1/kBEJCq22plmXm8sU8SRo1ONpdZTqrzqQu+mpwaO7TXwoBq+qIopcbCqtEPJtT3NWLJYzMtyLDRWlqrAyZMTrHVjHqYIhlxxlji5g0bu6zueyPRUFhPlC2PE5tbXienX+RvA2AmyvSDf7roPTuXvNL0AAAA=[0m[Pipeline] echo
uto\uidg8347@FR04297VMA C:\Users>C:/LegacyApp/PRQA/PRQA-Framework-2.4.0/common/bin\qacli.exe analyze -f -P C:\Users
[8mha:////4MylArhi3ofvNLnfQgddv77ZcJSmcthKNIxfEy8LTp8aAAAAox+LCAAAAAAAAP9tjTESgjAQRT84FraWHiKMFYVjZZuh8QQRYgxkdjFZhMoTeTXvICMzVv7qv9e81xvrFHHk6FRrqfOUaq/6MLj5qZFjdw08qpYvqmZKHKyq7FhxY08LViwWy7IcK42NpTpw8uQEW92ahymCIVecJc7uoJH75o4nMj2XxUT5whSxuw1NYvp1/gYw9YKsFOT7sv8AD9T0Lb0AAAA=[0m[Pipeline] sleep
Sleeping for 1 sec
[8mha:////4EAHDZCYQwlA3awCYpNCC3IRIv+BfogWSb3NvyC8omTnAAAAox+LCAAAAAAAAP9tjTEOwjAQBDdBFLSUPMIRFUiIitZKwwtMYowT6y7YF5KKF/E1/kBEJCq22plmXm8sU8SRo1ONpdZTqrzqQu+mpwaO7TXwoBq+qIopcbCqtEPJtT3NWLJYzMtyLDRWlqrAyZMTrHVjHqYIhlxxlji5g0bu6zueyPRUFhPlC2PE5tbXienX+RvA2AmynSDf7rsPwMhsqr0AAAA=[0m[Pipeline] echo
set "TOOL_INSTALL_SOURCE=ER_TOOLS_v6_34_0_EBS.exe"
[8mha:////4M6wjDGoc1DOxOFUGb40uFrn6GM2PTQUCTWNfbi3Yv9uAAAAox+LCAAAAAAAAP9tjTEOwjAQBDdBFLSUPMIRFUKIitZKwwtMYowT6y7YF5KKF/E1/kBEJCq22plmXm8sU8SRo1ONpdZTqrzqQu+mpwaO7TXwoBq+qIopcbCqtEPJtT3NWLJYzMtyLDRWlqrAyZMTrHVjHqYIhlxxlji5g0bu6zueyPRUFhPlC2PE5tbXienX+RvA2AmynSDf7rsPgfl3s70AAAA=[0m[Pipeline] sleep
Sleeping for 1 sec
[8mha:////4LPvr6BjiZ4QsF6gWg0ONPRDHmAP7FRBshyYuM/bzurDAAAAox+LCAAAAAAAAP9tjTEOwjAQBDdBFLSUPMJBNBSIitZKwwtMYowT6y7YF5KKF/E1/kBEJCq22plmXm8sU8SRo1ONpdZTqrzqQu+mpwaO7TXwoBq+qIopcbCqtEPJtT3NWLJYzMtyLDRWlqrAyZMTrHVjHqYIhlxxlji5g0bu6zueyPRUFhPlC2PE5tbXienX+RvA2AmyvSDfbbsPkfzzYL0AAAA=[0m[Pipeline] echo
Requested CATCH is: release / 1.69.0 / b9_200507
[8mha:////4PlHP10BarGOH2neViEsSHvwqT0y+zcMyImFbg4Mxu44AAAAox+LCAAAAAAAAP9tjTEOwjAQBDdBFLSUPMIRNBSIitZKwwtMYowT6y7YF5KKF/E1/kBEJCq22plmXm8sU8SRo1ONpdZTqrzqQu+mpwaO7TXwoBq+qIopcbCqtEPJtT3NWLJYzMtyLDRWlqrAyZMTrHVjHqYIhlxxlji5g0bu6zueyPRUFhPlC2PE5tbXienX+RvA2AmyvSDfbbsP0M3oeb0AAAA=[0m[Pipeline] sleep
Sleeping for 1 sec
[8mha:////4GDBF7paUXkMMB5nnh3OvdTPSuJTar2C2n+VP1rh/5ymAAAAox+LCAAAAAAAAP9tjbEOgjAURS8YB1dHP6IkLA7GybVh8Qsq1Fpo3sP2IUx+kb/mP0gkcfJO95zlvN5Yp4gjR6daS52nVHvVh8HNT40cu2vgUbV8UTVT4mBVZceKG3tasGKxWJblWGlsLNWBkycn2OrWPEwRDLniLHF2B43cN3c8kem5LCbKF6aI3W1oEtOv8zeAqRdke0Felv0HE57FUr0AAAA=[0m[Pipeline] echo
Installation in directory d:\casdev\mks\IntegrityClient11.2 already exists, nothing to do
[8mha:////4OWOo4vCNdMKNfQylETyct9yzHib253A3vGUo/Ax7hi0AAAApB+LCAAAAAAAAP9tjTEOwjAQBDdBFLSUPMKRoKBAVLRWGl5gEmOcWHfBvpBUvIiv8QciIlGx1c4083pjmSKOHJ1qLLWeUuVVF3o3PTVwbK+BB9XwRVVMiYNVpR1Kru1pxpLFYl6WY6GxslQFTp6cYK0b8zBFMOSKs8TJHTRyX9/xRKanspgoXxgjNre+Tky/zt8Axk6Q7QX5dtd9AFKv3ku9AAAA[0m[Pipeline] sleep
Sleeping for 1 sec
[8mha:////4Bve/H870XZy+OndaWtfqbxLcXzimCKZwu8qyab8hWGsAAAApB+LCAAAAAAAAP9tjTEOwjAQBDdBFLSUPMKREBIFoqK10vACkxjjxLoL9oWk4kV8jT8QEYmKrXammdcbyxRx5OhUY6n1lCqvutC76amBY3sNPKiGL6piShysKu1Qcm1PM5YsFvOyHAuNlaUqcPLkBGvdmIcpgiFXnCVO7qCR+/qOJzI9lcVE+cIYsbn1dWL6df4GMHaCbC/It7vuA5U5nwS9AAAA[0m[Pipeline] echo
Proceeding with d:\casdev\mks\IntegrityClient12.2 as IntegrityClient home directory.
[8mha:////4BfdSoFza+Uir8WB4P6zPgEBt5/jszav7ojTc6KKVtm3AAAApB+LCAAAAAAAAP9tjTEOwjAQBDdBFLSUPMKRkBAFoqK10vACkxjjxLoL9oWk4kV8jT8QEYmKrXammdcbyxRx5OhUY6n1lCqvutC76amBY3sNPKiGL6piShysKu1Qcm1PM5YsFvOyHAuNlaUqcPLkBGvdmIcpgiFXnCVO7qCR+/qOJzI9lcVE+cIYsbn1dWL6df4GMHaCbC/It7vuA9QIhB29AAAA[0m[Pipeline] sleep
Sleeping for 1 sec
[8mha:////4FbCbQzsgGO3u27N07Jod0NRNxWYphvWlRKKozbTXiVvAAAApB+LCAAAAAAAAP9tjTEOwjAQBDdBFLSUPMKRKKBAVLRWGl5gEmOcWHfBvpBUvIiv8QciIlGx1c4083pjmSKOHJ1qLLWeUuVVF3o3PTVwbK+BB9XwRVVMiYNVpR1Kru1pxpLFYl6WY6GxslQFTp6cYK0b8zBFMOSKs8TJHTRyX9/xRKanspgoXxgjNre+Tky/zt8Axk6Q7QX5dtd9ABdbqTa9AAAA[0m[Pipeline] echo
KIBANA_STUFF_START
[8mha:////4EBSil7xmg7wGPDubcPC/4QpiNNPIfS42gNSh8Z2xVe7AAAAox+LCAAAAAAAAP9tjbEOgjAURS8YB1dHP6IkLgzGybVh8Qsq1Fpo3sP2IUx+kb/mP0gkcfJO95zlvN5Yp4gjR6daS52nVHvVh8HNT40cu2vgUbV8UTVT4mBVZceKG3tasGKxWJblWGlsLNWBkycn2OrWPEwRDLniLHF2B43cN3c8kem5LCbKF6aI3W1oEtOv8zeAqRdkpSDfl/0HVmqyL70AAAA=[0m[Pipeline] sleep
Sleeping for 1 sec
[8mha:////4MCh6HrUpIGl5Czlxnknb87oZ0e4EB1g1r7XK17bxooKAAAApB+LCAAAAAAAAP9tjTEOwjAQBDdBFLSUPMKRaEBCVLRWGl5gEmOcWHfBvpBUvIiv8QciIlGx1c4083pjmSKOHJ1qLLWeUuVVF3o3PTVwbK+BB9XwRVVMiYNVpR1Kru1pxpLFYl6WY6GxslQFTp6cYK0b8zBFMOSKs8TJHTRyX9/xRKanspgoXxgjNre+Tky/zt8Axk6Q7QT5dt99AJl2Kqi9AAAA[0m[Pipeline] echo
BRANCH=develop
[8mha:////4Mu96ihU/rQtGgnX/jrAIpWUSIUMy8iDUMwMB3H2nFu2AAAApB+LCAAAAAAAAP9tjTEOwjAQBDdBFLSUPMKRaBBCVLRWGl5gEmOcWHfBvpBUvIiv8QciIlGx1c4083pjmSKOHJ1qLLWeUuVVF3o3PTVwbK+BB9XwRVVMiYNVpR1Kru1pxpLFYl6WY6GxslQFTp6cYK0b8zBFMOSKs8TJHTRyX9/xRKanspgoXxgjNre+Tky/zt8Axk6Q7QT5dt99ANhHMbG9AAAA[0m[Pipeline] sleep
Sleeping for 1 sec
[8mha:////4P0WDguRIEFSC7Po7vam/Eg/Tm4Yg9274ggWpI8bCWr7AAAApB+LCAAAAAAAAP9tjTEOwjAQBDdBFLSUPMJBoqBAVLRWGl5gEmOcWHfBvpBUvIiv8QciIlGx1c4083pjmSKOHJ1qLLWeUuVVF3o3PTVwbK+BB9XwRVVMiYNVpR1Kru1pxpLFYl6WY6GxslQFTp6cYK0b8zBFMOSKs8TJHTRyX9/xRKanspgoXxgjNre+Tky/zt8Axk6Q7QX5btt9AKaWMWG9AAAA[0m[Pipeline] echo
CHANGEBRANCH=feature/safe-24361910-vf9-pacs-merge
[8mha:////4KhI4rKcNE1qDIvXi+N3xJegAYw0NaE0TwHlTCcPznfOAAAApB+LCAAAAAAAAP9tjTEOwjAQBDdBFLSUPMIRoqBAVLRWGl5gEmOcWHfBvpBUvIiv8QciIlGx1c4083pjmSKOHJ1qLLWeUuVVF3o3PTVwbK+BB9XwRVVMiYNVpR1Kru1pxpLFYl6WY6GxslQFTp6cYK0b8zBFMOSKs8TJHTRyX9/xRKanspgoXxgjNre+Tky/zt8Axk6Q7QX5btt9AOenKni9AAAA[0m[Pipeline] sleep
Sleeping for 1 sec
[8mha:////4DvEZ/s+dY13hHz3ql8BaUMf2avEW/q+H6nC3HTS2mAHAAAApB+LCAAAAAAAAP9tjTEOwjAQBDdBFLSUPMKRoKBAVLRWGl5gEmOcWHfBvpBUvIiv8QciIlGx1c4083pjmSKOHJ1qLLWeUuVVF3o3PTVwbK+BB9XwRVVMiYNVpR1Kru1pxpLFYl6WY6GxslQFTp6cYK0b8zBFMOSKs8TJHTRyX9/xRKanspgoXxgjNre+Tky/zt8Axk6Q7QX5btt9ACT0B1O9AAAA[0m[Pipeline] echo
PULLREQUEST=4558
[8mha:////4ApqqvydKyyZnK3uV2LLhSXyb0WhCQfkGvstY+IJShBgAAAAox+LCAAAAAAAAP9tjTESgjAQRT84FraWHiIUFBaOlW2GxhNEiDGQ2cVkESpP5NW8g4zMWPmr/17zXm+sU8SRo1Otpc5Tqr3qw+Dmp0aO3TXwqFq+qJopcbCqsmPFjT0tWLFYLMtyrDQ2lurAyZMTbHVrHqYIhlxxlji7g0bumzueyPRcFhPlC1PE7jY0ienX+RvA1AuyvSAvy/4DZcUcSr0AAAA=[0m[Pipeline] sleep
Sleeping for 1 sec
[8mha:////4MXK9veZPh4VLKlaDkxG37YDuwukCc6nhkMK5QbJmXHSAAAApB+LCAAAAAAAAP9tjTEOwjAQBDdBFLSUPMIpQKJAVLRWGl5gEmOcWHfBvpBUvIiv8QciIlGx1c4083pjmSKOHJ1qLLWeUuVVF3o3PTVwbK+BB9XwRVVMiYNVpR1Kru1pxpLFYl6WY6GxslQFTp6cYK0b8zBFMOSKs8TJHTRyX9/xRKanspgoXxgjNre+Tky/zt8Axk6Q7QX5dtd9AKJTXQW9AAAA[0m[Pipeline] echo
UPDATEMEMBER=1
[8mha:////4IM1rmlylFcYx+02nAhR25WZp9dZyH3o+FALqf8UsUUmAAAApB+LCAAAAAAAAP9tjTEOwjAQBDdBFLSUPMIpEKJAVLRWGl5gEmOcWHfBvpBUvIiv8QciIlGx1c4083pjmSKOHJ1qLLWeUuVVF3o3PTVwbK+BB9XwRVVMiYNVpR1Kru1pxpLFYl6WY6GxslQFTp6cYK0b8zBFMOSKs8TJHTRyX9/xRKanspgoXxgjNre+Tky/zt8Axk6Q7QX5dtd9AONiRhy9AAAA[0m[Pipeline] echo
KIBANA_STUFF_END
[8mha:////4CdMvSQGuhjZiyuRMGfmTxEZjhSf+1p7utpY2NffrwemAAAApB+LCAAAAAAAAP9tjTEOwjAQBDdBFLSUPMIpkKBAVLRWGl5gEmOcWHfBvpBUvIiv8QciIlGx1c4083pjmSKOHJ1qLLWeUuVVF3o3PTVwbK+BB9XwRVVMiYNVpR1Kru1pxpLFYl6WY6GxslQFTp6cYK0b8zBFMOSKs8TJHTRyX9/xRKanspgoXxgjNre+Tky/zt8Axk6Q7QX5dtd9ACAxaze9AAAA[0m[Pipeline] sleep
Sleeping for 11 sec
[8mha:////4O/siQ5QkmY8uUpnEA2BSlKuzj29UBuc333XlLnGUvFaAAAAox+LCAAAAAAAAP9tjTESgjAQRT84FraWHiIUFhSOlW2GxhNEiDGQ2cVkESpP5NW8g4zMWPmr/17zXm+sU8SRo1Otpc5Tqr3qw+Dmp0aO3TXwqFq+qJopcbCqsmPFjT0tWLFYLMtyrDQ2lurAyZMTbHVrHqYIhlxxlji7g0bumzueyPRcFhPlC1PE7jY0ienX+RvA1PeCfF8KsvIDJAektL0AAAA=[0m[Pipeline] }
[8mha:////4Iq0fJaLswGd0n10YM4rl/Wd5jVGbTFX9yZaH1jwl19fAAAApB+LCAAAAAAAAP9tjTEOwjAQBDdBFLSUPMIpkBASoqK10vACkxjjxLoL9oWk4kV8jT8QEYmKrXammdcbyxRx5OhUY6n1lCqvutC76amBY3sNPKiGL6piShysKu1Qcm1PM5YsFvOyHAuNlaUqcPLkBGvdmIcpgiFXnCVO7qCR+/qOJzI9lcVE+cIYsbn1dWL6df4GMHadIN/uBdnuA2Og80G9AAAA[0m[Pipeline] // node
[8mha:////4EhzW456YnuSoFD+FPL1dn4p8T6bLqIoLDQkJEpnosbUAAAAox+LCAAAAAAAAP9tjTEOwjAQBDdBFLSUPMKRoEKIitZKwwtMYowT6y7YF5KKF/E1/kBEJCq22plmXm8sU8SRo1ONpdZTqrzqQu+mpwaO7TXwoBq+qIopcbCqtEPJtT3NWLJYzMtyLDRWlqrAyZMTrHVjHqYIhlxxlji5g0bu6zueyPRUFhPlC2PE5tbXienX+RvA2AmyrSDf7bsPSALL4r0AAAA=[0m[Pipeline] sleep
Sleeping for 12 sec
[8mha:////4LhycrWB4s6Fd6udWscY4L9762ippQXark9ce9GMP1QUAAAAox+LCAAAAAAAAP9tjTEOwjAQBDdBFLSUPMJBiA5R0VppeIFJjHFi3QX7QlLxIr7GH4iIRMVWO9PM641lijhydKqx1HpKlVdd6N301MCxvQYeVMMXVTElDlaVdii5tqcZSxaLeVmOhcbKUhU4eXKCtW7MwxTBkCvOEid30Mh9fccTmZ7KYqJ8YYzY3Po6Mf06fwMYO0G2E+T7bfcBhK9GNr0AAAA=[0m[Pipeline] echo
2020-05-20T19:55:32.915+02:00|log|end||some-logs|duration=PT1M54.633S
[8mha:////4Gr8jwPalwR/qGS+Sd49MmLqc3rHV2apn0Umxvr8yXJ1AAAAox+LCAAAAAAAAP9tjTEOwjAQBDdBFLSUPMIRiA5R0VppeIFJjHFi3QX7QlLxIr7GH4iIRMVWO9PM641lijhydKqx1HpKlVdd6N301MCxvQYeVMMXVTElDlaVdii5tqcZSxaLeVmOhcbKUhU4eXKCtW7MwxTBkCvOEid30Mh9fccTmZ7KYqJ8YYzY3Po6Mf06fwMYO0G2E+T7bfcBxZ5dL70AAAA=[0m[Pipeline] sleep
Sleeping for 23 sec
[8mha:////4D5HyeCKBC9IxnYAIucpWJOlbjuCpRRY225irb2CfrFjAAAAox+LCAAAAAAAAP9tjbEOgjAURS8YB1dHP6IkxM04uTYsfkGFWgvNe9g+hMkv8tf8B4kkTt7pnrOc1xvrFHHk6FRrqfOUaq/6MLj5qZFjdw08qpYvqmZKHKyq7FhxY08LViwWy7IcK42NpTpw8uQEW92ahymCIVecJc7uoJH75o4nMj2XxUT5whSxuw1NYvp1/gYw9b0g35eCrPwAY0wrEb0AAAA=[0m[Pipeline] End of Pipeline
Finished: SUCCESS
